<?xml version="1.0" encoding="UTF-8"?>
<!-- Generated by org.testng.reporters.JUnitReportReporter -->
<testsuite hostname="LAPTOP-P05SA00D" failures="0" tests="2" name="learningtestng.Newannotations" time="0.010" errors="0" timestamp="2023-03-23T16:20:50 PDT" skipped="0">
  <testcase classname="learningtestng.Newannotations" name="testCaseAnnotation" time="0.003"/>
  <system-out/>
  <testcase classname="learningtestng.Newannotations" name="testCase2Annotation" time="0.007"/>
  <system-out/>
</testsuite> <!-- learningtestng.Newannotations -->
