<?xml version="1.0" encoding="UTF-8"?>
<!-- Generated by org.testng.reporters.JUnitReportReporter -->
<testsuite hostname="LAPTOP-P05SA00D" failures="0" tests="2" name="learningtestng.Annotations" time="0.025" errors="0" timestamp="2023-03-12T08:37:17 PDT" skipped="0">
  <testcase classname="learningtestng.Annotations" name="testCase2Annotation" time="0.005"/>
  <system-out/>
  <testcase classname="learningtestng.Annotations" name="testCase1Annotation" time="0.020"/>
  <system-out/>
</testsuite> <!-- learningtestng.Annotations -->
