<?xml version="1.0" encoding="UTF-8"?>
<!-- Generated by org.testng.reporters.JUnitReportReporter -->
<testsuite hostname="LAPTOP-P05SA00D" failures="0" tests="2" name="learningtestng.NewSelCode" time="25.734" errors="0" timestamp="2023-03-24T14:59:52 PDT" skipped="0">
  <testcase classname="learningtestng.NewSelCode" name="LoginWithvalidcredentials" time="14.741"/>
  <system-out/>
  <testcase classname="learningtestng.NewSelCode" name="LoginWithInvalidCredentials" time="10.993"/>
  <system-out/>
</testsuite> <!-- learningtestng.NewSelCode -->
