<?xml version="1.0" encoding="UTF-8"?>
<!-- Generated by org.testng.reporters.JUnitReportReporter -->
<testsuite hostname="LAPTOP-P05SA00D" failures="0" tests="2" name="learningtestng.SeleniumCode" time="15.699" errors="0" timestamp="2023-03-12T09:44:52 PDT" skipped="1">
  <testcase classname="learningtestng.SeleniumCode" name="loginWithValidCredentials" time="15.699"/>
  <system-out/>
  <testcase classname="learningtestng.SeleniumCode" name="loginWithInvalidCredentials">
    <skipped/>
  </testcase> <!-- loginWithInvalidCredentials -->
  <system-out/>
</testsuite> <!-- learningtestng.SeleniumCode -->
