<?xml version="1.0" encoding="UTF-8"?>
<!-- Generated by org.testng.reporters.JUnitReportReporter -->
<testsuite hostname="LAPTOP-P05SA00D" failures="0" tests="1" name="learningtestng.MoreAutomation" time="11.080" errors="0" timestamp="2023-03-25T09:13:29 PDT" skipped="0">
  <testcase classname="learningtestng.MoreAutomation" name="loginWithValidCredentials" time="11.080"/>
  <system-out/>
</testsuite> <!-- learningtestng.MoreAutomation -->
